{"numFailedTestSuites":0,"numFailedTests":0,"numPassedTestSuites":23,"numPassedTests":94,"numPendingTestSuites":0,"numPendingTests":0,"numRuntimeErrorTestSuites":0,"numTodoTests":0,"numTotalTestSuites":23,"numTotalTests":94,"openHandles":[],"snapshot":{"added":0,"didUpdate":false,"failure":false,"filesAdded":0,"filesRemoved":0,"filesRemovedList":[],"filesUnmatched":0,"filesUpdated":0,"matched":0,"total":0,"unchecked":0,"uncheckedKeysByFile":[],"unmatched":0,"updated":0},"startTime":1786419767108,"success":true,"testResults":[{"assertionResults":[{"ancestorTitles":["ClinicPanel"],"duration":50,"failureDetails":[],"failureMessages":[],"fullName":"ClinicPanel muestra estado de loading al iniciar","invocations":1,"location":null,"numPassingAsserts":1,"retryReasons":[],"status":"passed","title":"muestra estado de loading al iniciar"},{"ancestorTitles":["ClinicPanel"],"duration":39,"failureDetails":[],"failureMessages":[],"fullName":"ClinicPanel muestra lista de clinicas cuando la API responde","invocations":1,"location":null,"numPassingAsserts":2,"retryReasons":[],"status":"passed","title":"muestra lista de clinicas cuando la API responde"},{"ancestorTitles":["ClinicPanel"],"duration":33,"failureDetails":[],"failureMessages":[],"fullName":"ClinicPanel muestra empty state cuando no hay clinicas","invocations":1,"location":null,"numPassingAsserts":2,"retryReasons":[],"status":"passed","title":"muestra empty state cuando no hay clinicas"},{"ancestorTitles":["ClinicPanel"],"duration":32,"failureDetails":[],"failureMessages":[],"fullName":"ClinicPanel muestra error cuando la API falla","invocations":1,"location":null,"numPassingAsserts":1,"retryReasons":[],"status":"passed","title":"muestra error cuando la API falla"},{"ancestorTitles":["ClinicPanel"],"duration":15,"failureDetails":[],"failureMessages":[],"fullName":"ClinicPanel muestra estado activo/inactivo con badge","invocations":1,"location":null,"numPassingAsserts":2,"retryReasons":[],"status":"passed","title":"muestra estado activo/inactivo con badge"},{"ancestorTitles":["ClinicPanel"],"duration":65,"failureDetails":[],"failureMessages":[],"fullName":"ClinicPanel muestra botones de editar e inactivar/reactivar","invocations":1,"location":null,"numPassingAsserts":3,"retryReasons":[],"status":"passed","title":"muestra botones de editar e inactivar/reactivar"},{"ancestorTitles":["ClinicPanel"],"duration":33,"failureDetails":[],"failureMessages":[],"fullName":"ClinicPanel muestra boton de nueva clinica","invocations":1,"location":null,"numPassingAsserts":1,"retryReasons":[],"status":"passed","title":"muestra boton de nueva clinica"}],"endTime":1786419768822,"message":"","name":"C:\\InVet\\frontend\\src\\features\\clinic-administration\\ClinicPanel.test.tsx","startTime":1786419767658,"status":"passed","summary":""},{"assertionResults":[{"ancestorTitles":["public shell"],"duration":61,"failureDetails":[],"failureMessages":[],"fullName":"public shell renders the home entry page with hero and CTA","invocations":1,"location":null,"numPassingAsserts":3,"retryReasons":[],"status":"passed","title":"renders the home entry page with hero and CTA"},{"ancestorTitles":["public shell"],"duration":17,"failureDetails":[],"failureMessages":[],"fullName":"public shell renders the public header links","invocations":1,"location":null,"numPassingAsserts":2,"retryReasons":[],"status":"passed","title":"renders the public header links"},{"ancestorTitles":["public shell"],"duration":3,"failureDetails":[],"failureMessages":[],"fullName":"public shell renders the public footer","invocations":1,"location":null,"numPassingAsserts":1,"retryReasons":[],"status":"passed","title":"renders the public footer"}],"endTime":1786419769156,"message":"","name":"C:\\InVet\\frontend\\test\\public-shell.test.tsx","startTime":1786419768856,"status":"passed","summary":""},{"assertionResults":[{"ancestorTitles":["ProfessionalCtaSection"],"duration":7,"failureDetails":[],"failureMessages":[],"fullName":"ProfessionalCtaSection deberia renderizar el titulo del CTA","invocations":1,"location":null,"numPassingAsserts":1,"retryReasons":[],"status":"passed","title":"deberia renderizar el titulo del CTA"},{"ancestorTitles":["ProfessionalCtaSection"],"duration":16,"failureDetails":[],"failureMessages":[],"fullName":"ProfessionalCtaSection deberia tener boton Registrar clinica con link a /register","invocations":1,"location":null,"numPassingAsserts":1,"retryReasons":[],"status":"passed","title":"deberia tener boton Registrar clinica con link a /register"},{"ancestorTitles":["ProfessionalCtaSection"],"duration":19,"failureDetails":[],"failureMessages":[],"fullName":"ProfessionalCtaSection deberia tener boton Ver clínicas con link a /clinicas","invocations":1,"location":null,"numPassingAsserts":1,"retryReasons":[],"status":"passed","title":"deberia tener boton Ver clínicas con link a /clinicas"},{"ancestorTitles":["ProfessionalCtaSection"],"duration":4,"failureDetails":[],"failureMessages":[],"fullName":"ProfessionalCtaSection deberia tener aria-label de registra tu clinica","invocations":1,"location":null,"numPassingAsserts":1,"retryReasons":[],"status":"passed","title":"deberia tener aria-label de registra tu clinica"}],"endTime":1786419769398,"message":"","name":"C:\\InVet\\frontend\\src\\features\\public-landing\\components\\ProfessionalCtaSection.test.tsx","startTime":1786419769181,"status":"passed","summary":""},{"assertionResults":[{"ancestorTitles":["CategoryChips"],"duration":19,"failureDetails":[],"failureMessages":[],"fullName":"CategoryChips deberia renderizar las tres categorias","invocations":1,"location":null,"numPassingAsserts":3,"retryReasons":[],"status":"passed","title":"deberia renderizar las tres categorias"},{"ancestorTitles":["CategoryChips"],"duration":43,"failureDetails":[],"failureMessages":[],"fullName":"CategoryChips deberia agregar query param category al hacer click","invocations":1,"location":null,"numPassingAsserts":1,"retryReasons":[],"status":"passed","title":"deberia agregar query param category al hacer click"},{"ancestorTitles":["CategoryChips"],"duration":7,"failureDetails":[],"failureMessages":[],"fullName":"CategoryChips deberia aplicar estilo activo al chip seleccionado","invocations":1,"location":null,"numPassingAsserts":1,"retryReasons":[],"status":"passed","title":"deberia aplicar estilo activo al chip seleccionado"}],"endTime":1786419769618,"message":"","name":"C:\\InVet\\frontend\\src\\features\\public-landing\\components\\CategoryChips.test.tsx","startTime":1786419769412,"status":"passed","summary":""},{"assertionResults":[{"ancestorTitles":["login page"],"duration":41,"failureDetails":[],"failureMessages":[],"fullName":"login page renders the login form","invocations":1,"location":null,"numPassingAsserts":4,"retryReasons":[],"status":"passed","title":"renders the login form"}],"endTime":1786419769823,"message":"","name":"C:\\InVet\\frontend\\test\\login-page.test.tsx","startTime":1786419769632,"status":"passed","summary":""},{"assertionResults":[{"ancestorTitles":["Button"],"duration":11,"failureDetails":[],"failureMessages":[],"fullName":"Button deberia renderizar texto del boton","invocations":1,"location":null,"numPassingAsserts":1,"retryReasons":[],"status":"passed","title":"deberia renderizar texto del boton"},{"ancestorTitles":["Button"],"duration":3,"failureDetails":[],"failureMessages":[],"fullName":"Button deberia aplicar variante primary por defecto","invocations":1,"location":null,"numPassingAsserts":2,"retryReasons":[],"status":"passed","title":"deberia aplicar variante primary por defecto"},{"ancestorTitles":["Button"],"duration":2,"failureDetails":[],"failureMessages":[],"fullName":"Button deberia aplicar variante secondary","invocations":1,"location":null,"numPassingAsserts":2,"retryReasons":[],"status":"passed","title":"deberia aplicar variante secondary"},{"ancestorTitles":["Button"],"duration":1,"failureDetails":[],"failureMessages":[],"fullName":"Button deberia aplicar variante outline","invocations":1,"location":null,"numPassingAsserts":2,"retryReasons":[],"status":"passed","title":"deberia aplicar variante outline"},{"ancestorTitles":["Button"],"duration":1,"failureDetails":[],"failureMessages":[],"fullName":"Button deberia ser disabled cuando se pasa disabled","invocations":1,"location":null,"numPassingAsserts":1,"retryReasons":[],"status":"passed","title":"deberia ser disabled cuando se pasa disabled"},{"ancestorTitles":["Button"],"duration":2,"failureDetails":[],"failureMessages":[],"fullName":"Button deberia aplicar tamano lg","invocations":1,"location":null,"numPassingAsserts":2,"retryReasons":[],"status":"passed","title":"deberia aplicar tamano lg"},{"ancestorTitles":["Button"],"duration":1,"failureDetails":[],"failureMessages":[],"fullName":"Button deberia tener focus ring visible","invocations":1,"location":null,"numPassingAsserts":2,"retryReasons":[],"status":"passed","title":"deberia tener focus ring visible"}],"endTime":1786419770062,"message":"","name":"C:\\InVet\\frontend\\src\\shared\\ui\\components\\Button.test.tsx","startTime":1786419769839,"status":"passed","summary":""},{"assertionResults":[{"ancestorTitles":["PublicSearchBar"],"duration":7,"failureDetails":[],"failureMessages":[],"fullName":"PublicSearchBar deberia renderizar input de busqueda con label","invocations":1,"location":null,"numPassingAsserts":1,"retryReasons":[],"status":"passed","title":"deberia renderizar input de busqueda con label"},{"ancestorTitles":["PublicSearchBar"],"duration":15,"failureDetails":[],"failureMessages":[],"fullName":"PublicSearchBar deberia renderizar boton buscar","invocations":1,"location":null,"numPassingAsserts":1,"retryReasons":[],"status":"passed","title":"deberia renderizar boton buscar"},{"ancestorTitles":["PublicSearchBar"],"duration":6,"failureDetails":[],"failureMessages":[],"fullName":"PublicSearchBar deberia actualizar el valor del input al escribir","invocations":1,"location":null,"numPassingAsserts":1,"retryReasons":[],"status":"passed","title":"deberia actualizar el valor del input al escribir"},{"ancestorTitles":["PublicSearchBar"],"duration":7,"failureDetails":[],"failureMessages":[],"fullName":"PublicSearchBar deberia llamar onSearch con debounce despues de escribir","invocations":1,"location":null,"numPassingAsserts":1,"retryReasons":[],"status":"passed","title":"deberia llamar onSearch con debounce despues de escribir"},{"ancestorTitles":["PublicSearchBar"],"duration":6,"failureDetails":[],"failureMessages":[],"fullName":"PublicSearchBar deberia prevenir submit del form","invocations":1,"location":null,"numPassingAsserts":0,"retryReasons":[],"status":"passed","title":"deberia prevenir submit del form"},{"ancestorTitles":["PublicSearchBar"],"duration":5,"failureDetails":[],"failureMessages":[],"fullName":"PublicSearchBar deberia tener role search","invocations":1,"location":null,"numPassingAsserts":1,"retryReasons":[],"status":"passed","title":"deberia tener role search"}],"endTime":1786419770265,"message":"","name":"C:\\InVet\\frontend\\src\\features\\public-landing\\components\\PublicSearchBar.test.tsx","startTime":1786419770076,"status":"passed","summary":""},{"assertionResults":[{"ancestorTitles":["Card"],"duration":4,"failureDetails":[],"failureMessages":[],"fullName":"Card deberia renderizar children","invocations":1,"location":null,"numPassingAsserts":1,"retryReasons":[],"status":"passed","title":"deberia renderizar children"},{"ancestorTitles":["Card"],"duration":3,"failureDetails":[],"failureMessages":[],"fullName":"Card deberia ser un div por defecto","invocations":1,"location":null,"numPassingAsserts":2,"retryReasons":[],"status":"passed","title":"deberia ser un div por defecto"},{"ancestorTitles":["Card"],"duration":6,"failureDetails":[],"failureMessages":[],"fullName":"Card deberia ser un link cuando se pasa href","invocations":1,"location":null,"numPassingAsserts":2,"retryReasons":[],"status":"passed","title":"deberia ser un link cuando se pasa href"},{"ancestorTitles":["Card"],"duration":9,"failureDetails":[],"failureMessages":[],"fullName":"Card deberia ser un button cuando se pasa onClick","invocations":1,"location":null,"numPassingAsserts":2,"retryReasons":[],"status":"passed","title":"deberia ser un button cuando se pasa onClick"}],"endTime":1786419770465,"message":"","name":"C:\\InVet\\frontend\\src\\shared\\ui\\components\\Card.test.tsx","startTime":1786419770280,"status":"passed","summary":""},{"assertionResults":[{"ancestorTitles":["Input"],"duration":6,"failureDetails":[],"failureMessages":[],"fullName":"Input deberia renderizar input con label","invocations":1,"location":null,"numPassingAsserts":1,"retryReasons":[],"status":"passed","title":"deberia renderizar input con label"},{"ancestorTitles":["Input"],"duration":6,"failureDetails":[],"failureMessages":[],"fullName":"Input deberia mostrar error cuando se pasa","invocations":1,"location":null,"numPassingAsserts":2,"retryReasons":[],"status":"passed","title":"deberia mostrar error cuando se pasa"},{"ancestorTitles":["Input"],"duration":2,"failureDetails":[],"failureMessages":[],"fullName":"Input deberia tener clase de error en el input","invocations":1,"location":null,"numPassingAsserts":1,"retryReasons":[],"status":"passed","title":"deberia tener clase de error en el input"},{"ancestorTitles":["Input"],"duration":2,"failureDetails":[],"failureMessages":[],"fullName":"Input deberia pasar props al input","invocations":1,"location":null,"numPassingAsserts":1,"retryReasons":[],"status":"passed","title":"deberia pasar props al input"},{"ancestorTitles":["Input"],"duration":6,"failureDetails":[],"failureMessages":[],"fullName":"Input deberia tener focus ring","invocations":1,"location":null,"numPassingAsserts":2,"retryReasons":[],"status":"passed","title":"deberia tener focus ring"}],"endTime":1786419770662,"message":"","name":"C:\\InVet\\frontend\\src\\shared\\ui\\components\\Input.test.tsx","startTime":1786419770481,"status":"passed","summary":""},{"assertionResults":[{"ancestorTitles":["HowItWorksSection"],"duration":9,"failureDetails":[],"failureMessages":[],"fullName":"HowItWorksSection deberia renderizar el titulo de la seccion","invocations":1,"location":null,"numPassingAsserts":1,"retryReasons":[],"status":"passed","title":"deberia renderizar el titulo de la seccion"},{"ancestorTitles":["HowItWorksSection"],"duration":5,"failureDetails":[],"failureMessages":[],"fullName":"HowItWorksSection deberia renderizar los tres pasos","invocations":1,"location":null,"numPassingAsserts":3,"retryReasons":[],"status":"passed","title":"deberia renderizar los tres pasos"},{"ancestorTitles":["HowItWorksSection"],"duration":3,"failureDetails":[],"failureMessages":[],"fullName":"HowItWorksSection deberia tener aria-label de como funciona","invocations":1,"location":null,"numPassingAsserts":1,"retryReasons":[],"status":"passed","title":"deberia tener aria-label de como funciona"},{"ancestorTitles":["HowItWorksSection"],"duration":3,"failureDetails":[],"failureMessages":[],"fullName":"HowItWorksSection deberia mostrar descripcion para cada paso","invocations":1,"location":null,"numPassingAsserts":3,"retryReasons":[],"status":"passed","title":"deberia mostrar descripcion para cada paso"}],"endTime":1786419770837,"message":"","name":"C:\\InVet\\frontend\\src\\features\\public-landing\\components\\HowItWorksSection.test.tsx","startTime":1786419770676,"status":"passed","summary":""},{"assertionResults":[{"ancestorTitles":["HeroSection"],"duration":5,"failureDetails":[],"failureMessages":[],"fullName":"HeroSection deberia renderizar el titulo principal","invocations":1,"location":null,"numPassingAsserts":1,"retryReasons":[],"status":"passed","title":"deberia renderizar el titulo principal"},{"ancestorTitles":["HeroSection"],"duration":3,"failureDetails":[],"failureMessages":[],"fullName":"HeroSection deberia renderizar el buscador","invocations":1,"location":null,"numPassingAsserts":1,"retryReasons":[],"status":"passed","title":"deberia renderizar el buscador"},{"ancestorTitles":["HeroSection"],"duration":4,"failureDetails":[],"failureMessages":[],"fullName":"HeroSection deberia renderizar los chips de categoria","invocations":1,"location":null,"numPassingAsserts":1,"retryReasons":[],"status":"passed","title":"deberia renderizar los chips de categoria"},{"ancestorTitles":["HeroSection"],"duration":3,"failureDetails":[],"failureMessages":[],"fullName":"HeroSection deberia tener seccion con aria-label de busqueda","invocations":1,"location":null,"numPassingAsserts":1,"retryReasons":[],"status":"passed","title":"deberia tener seccion con aria-label de busqueda"}],"endTime":1786419771026,"message":"","name":"C:\\InVet\\frontend\\src\\features\\public-landing\\components\\HeroSection.test.tsx","startTime":1786419770852,"status":"passed","summary":""},{"assertionResults":[{"ancestorTitles":["ClinicForm"],"duration":14,"failureDetails":[],"failureMessages":[],"fullName":"ClinicForm muestra campos obligatorios con asterisco","invocations":1,"location":null,"numPassingAsserts":3,"retryReasons":[],"status":"passed","title":"muestra campos obligatorios con asterisco"},{"ancestorTitles":["ClinicForm"],"duration":11,"failureDetails":[],"failureMessages":[],"fullName":"ClinicForm muestra errores de validacion cuando campos estan vacios","invocations":1,"location":null,"numPassingAsserts":2,"retryReasons":[],"status":"passed","title":"muestra errores de validacion cuando campos estan vacios"},{"ancestorTitles":["ClinicForm"],"duration":35,"failureDetails":[],"failureMessages":[],"fullName":"ClinicForm llama onSubmit con datos validos","invocations":1,"location":null,"numPassingAsserts":1,"retryReasons":[],"status":"passed","title":"llama onSubmit con datos validos"},{"ancestorTitles":["ClinicForm"],"duration":10,"failureDetails":[],"failureMessages":[],"fullName":"ClinicForm llama onCancel al presionar cancelar","invocations":1,"location":null,"numPassingAsserts":1,"retryReasons":[],"status":"passed","title":"llama onCancel al presionar cancelar"},{"ancestorTitles":["ClinicForm"],"duration":13,"failureDetails":[],"failureMessages":[],"fullName":"ClinicForm muestra datos iniciales cuando se proporciona initialData","invocations":1,"location":null,"numPassingAsserts":3,"retryReasons":[],"status":"passed","title":"muestra datos iniciales cuando se proporciona initialData"},{"ancestorTitles":["ClinicForm"],"duration":41,"failureDetails":[],"failureMessages":[],"fullName":"ClinicForm valida formato de email","invocations":1,"location":null,"numPassingAsserts":1,"retryReasons":[],"status":"passed","title":"valida formato de email"}],"endTime":1786419771338,"message":"","name":"C:\\InVet\\frontend\\src\\features\\clinic-administration\\ClinicForm.test.tsx","startTime":1786419771046,"status":"passed","summary":""},{"assertionResults":[{"ancestorTitles":["PetForm"],"duration":46,"failureDetails":[],"failureMessages":[],"fullName":"PetForm shows validation errors and does not submit invalid data","invocations":1,"location":null,"numPassingAsserts":4,"retryReasons":[],"status":"passed","title":"shows validation errors and does not submit invalid data"},{"ancestorTitles":["PetForm"],"duration":31,"failureDetails":[],"failureMessages":[],"fullName":"PetForm submits sanitized form data when valid","invocations":1,"location":null,"numPassingAsserts":1,"retryReasons":[],"status":"passed","title":"submits sanitized form data when valid"}],"endTime":1786419771584,"message":"","name":"C:\\InVet\\frontend\\src\\features\\owners\\components\\pet-form.test.tsx","startTime":1786419771352,"status":"passed","summary":""},{"assertionResults":[{"ancestorTitles":["ServiceList"],"duration":5,"failureDetails":[],"failureMessages":[],"fullName":"ServiceList shows empty state when no services","invocations":1,"location":null,"numPassingAsserts":1,"retryReasons":[],"status":"passed","title":"shows empty state when no services"},{"ancestorTitles":["ServiceList"],"duration":9,"failureDetails":[],"failureMessages":[],"fullName":"ServiceList shows loading state","invocations":1,"location":null,"numPassingAsserts":1,"retryReasons":[],"status":"passed","title":"shows loading state"},{"ancestorTitles":["ServiceList"],"duration":8,"failureDetails":[],"failureMessages":[],"fullName":"ServiceList shows services in list","invocations":1,"location":null,"numPassingAsserts":1,"retryReasons":[],"status":"passed","title":"shows services in list"}],"endTime":1786419771767,"message":"","name":"C:\\InVet\\frontend\\src\\features\\slice-006\\components\\service-list.test.tsx","startTime":1786419771595,"status":"passed","summary":""},{"assertionResults":[{"ancestorTitles":["ServiceForm"],"duration":10,"failureDetails":[],"failureMessages":[],"fullName":"ServiceForm renders form fields","invocations":1,"location":null,"numPassingAsserts":3,"retryReasons":[],"status":"passed","title":"renders form fields"},{"ancestorTitles":["ServiceForm"],"duration":50,"failureDetails":[],"failureMessages":[],"fullName":"ServiceForm shows validation errors for empty required fields","invocations":1,"location":null,"numPassingAsserts":2,"retryReasons":[],"status":"passed","title":"shows validation errors for empty required fields"},{"ancestorTitles":["ServiceForm"],"duration":15,"failureDetails":[],"failureMessages":[],"fullName":"ServiceForm calls onSubmit with valid data","invocations":1,"location":null,"numPassingAsserts":1,"retryReasons":[],"status":"passed","title":"calls onSubmit with valid data"},{"ancestorTitles":["ServiceForm"],"duration":7,"failureDetails":[],"failureMessages":[],"fullName":"ServiceForm calls onCancel when cancel button is clicked","invocations":1,"location":null,"numPassingAsserts":1,"retryReasons":[],"status":"passed","title":"calls onCancel when cancel button is clicked"}],"endTime":1786419771995,"message":"","name":"C:\\InVet\\frontend\\src\\features\\slice-006\\components\\service-form.test.tsx","startTime":1786419771779,"status":"passed","summary":""},{"assertionResults":[{"ancestorTitles":["VeterinarianForm"],"duration":23,"failureDetails":[],"failureMessages":[],"fullName":"VeterinarianForm renders form fields","invocations":1,"location":null,"numPassingAsserts":3,"retryReasons":[],"status":"passed","title":"renders form fields"},{"ancestorTitles":["VeterinarianForm"],"duration":31,"failureDetails":[],"failureMessages":[],"fullName":"VeterinarianForm shows validation errors for empty required fields","invocations":1,"location":null,"numPassingAsserts":2,"retryReasons":[],"status":"passed","title":"shows validation errors for empty required fields"},{"ancestorTitles":["VeterinarianForm"],"duration":17,"failureDetails":[],"failureMessages":[],"fullName":"VeterinarianForm calls onSubmit with valid data","invocations":1,"location":null,"numPassingAsserts":1,"retryReasons":[],"status":"passed","title":"calls onSubmit with valid data"}],"endTime":1786419772224,"message":"","name":"C:\\InVet\\frontend\\src\\features\\slice-006\\components\\veterinarian-form.test.tsx","startTime":1786419772014,"status":"passed","summary":""},{"assertionResults":[{"ancestorTitles":["InternalUserForm"],"duration":11,"failureDetails":[],"failureMessages":[],"fullName":"InternalUserForm renders form fields","invocations":1,"location":null,"numPassingAsserts":3,"retryReasons":[],"status":"passed","title":"renders form fields"},{"ancestorTitles":["InternalUserForm"],"duration":42,"failureDetails":[],"failureMessages":[],"fullName":"InternalUserForm shows validation errors for empty required fields","invocations":1,"location":null,"numPassingAsserts":2,"retryReasons":[],"status":"passed","title":"shows validation errors for empty required fields"},{"ancestorTitles":["InternalUserForm"],"duration":9,"failureDetails":[],"failureMessages":[],"fullName":"InternalUserForm calls onSubmit with valid data","invocations":1,"location":null,"numPassingAsserts":1,"retryReasons":[],"status":"passed","title":"calls onSubmit with valid data"}],"endTime":1786419772430,"message":"","name":"C:\\InVet\\frontend\\src\\features\\slice-006\\components\\internal-user-form.test.tsx","startTime":1786419772238,"status":"passed","summary":""},{"assertionResults":[{"ancestorTitles":["OwnerProfileForm"],"duration":16,"failureDetails":[],"failureMessages":[],"fullName":"OwnerProfileForm renders form with all fields","invocations":1,"location":null,"numPassingAsserts":5,"retryReasons":[],"status":"passed","title":"renders form with all fields"},{"ancestorTitles":["OwnerProfileForm"],"duration":2,"failureDetails":[],"failureMessages":[],"fullName":"OwnerProfileForm shows loading state when fetching","invocations":1,"location":null,"numPassingAsserts":1,"retryReasons":[],"status":"passed","title":"shows loading state when fetching"},{"ancestorTitles":["OwnerProfileForm"],"duration":25,"failureDetails":[],"failureMessages":[],"fullName":"OwnerProfileForm submits form successfully","invocations":1,"location":null,"numPassingAsserts":1,"retryReasons":[],"status":"passed","title":"submits form successfully"},{"ancestorTitles":["OwnerProfileForm"],"duration":15,"failureDetails":[],"failureMessages":[],"fullName":"OwnerProfileForm shows error message on failure","invocations":1,"location":null,"numPassingAsserts":1,"retryReasons":[],"status":"passed","title":"shows error message on failure"}],"endTime":1786419772686,"message":"","name":"C:\\InVet\\frontend\\src\\features\\owners\\components\\owner-profile-form.test.tsx","startTime":1786419772442,"status":"passed","summary":""},{"assertionResults":[{"ancestorTitles":["InternalUserList"],"duration":6,"failureDetails":[],"failureMessages":[],"fullName":"InternalUserList shows empty state when no internal users","invocations":1,"location":null,"numPassingAsserts":1,"retryReasons":[],"status":"passed","title":"shows empty state when no internal users"},{"ancestorTitles":["InternalUserList"],"duration":22,"failureDetails":[],"failureMessages":[],"fullName":"InternalUserList shows internal users in list","invocations":1,"location":null,"numPassingAsserts":1,"retryReasons":[],"status":"passed","title":"shows internal users in list"}],"endTime":1786419772912,"message":"","name":"C:\\InVet\\frontend\\src\\features\\slice-006\\components\\internal-user-list.test.tsx","startTime":1786419772701,"status":"passed","summary":""},{"assertionResults":[{"ancestorTitles":["VeterinarianList"],"duration":6,"failureDetails":[],"failureMessages":[],"fullName":"VeterinarianList shows empty state when no veterinarians","invocations":1,"location":null,"numPassingAsserts":1,"retryReasons":[],"status":"passed","title":"shows empty state when no veterinarians"},{"ancestorTitles":["VeterinarianList"],"duration":8,"failureDetails":[],"failureMessages":[],"fullName":"VeterinarianList shows veterinarians in list","invocations":1,"location":null,"numPassingAsserts":1,"retryReasons":[],"status":"passed","title":"shows veterinarians in list"}],"endTime":1786419773099,"message":"","name":"C:\\InVet\\frontend\\src\\features\\slice-006\\components\\veterinarian-list.test.tsx","startTime":1786419772939,"status":"passed","summary":""},{"assertionResults":[{"ancestorTitles":["PetDetail"],"duration":42,"failureDetails":[],"failureMessages":[],"fullName":"PetDetail shows empty history when the pet has no prior consultations","invocations":1,"location":null,"numPassingAsserts":5,"retryReasons":[],"status":"passed","title":"shows empty history when the pet has no prior consultations"}],"endTime":1786419773307,"message":"","name":"C:\\InVet\\frontend\\src\\features\\owners\\components\\pet-detail.test.tsx","startTime":1786419773122,"status":"passed","summary":""},{"assertionResults":[{"ancestorTitles":["session utils","getAccessToken"],"duration":1,"failureDetails":[],"failureMessages":[],"fullName":"session utils getAccessToken returns null when no token exists","invocations":1,"location":null,"numPassingAsserts":1,"retryReasons":[],"status":"passed","title":"returns null when no token exists"},{"ancestorTitles":["session utils","getAccessToken"],"duration":1,"failureDetails":[],"failureMessages":[],"fullName":"session utils getAccessToken returns the access token when it exists","invocations":1,"location":null,"numPassingAsserts":1,"retryReasons":[],"status":"passed","title":"returns the access token when it exists"},{"ancestorTitles":["session utils","getRefreshToken"],"duration":0,"failureDetails":[],"failureMessages":[],"fullName":"session utils getRefreshToken returns null when no refresh token exists","invocations":1,"location":null,"numPassingAsserts":1,"retryReasons":[],"status":"passed","title":"returns null when no refresh token exists"},{"ancestorTitles":["session utils","getRefreshToken"],"duration":0,"failureDetails":[],"failureMessages":[],"fullName":"session utils getRefreshToken returns the refresh token when it exists","invocations":1,"location":null,"numPassingAsserts":1,"retryReasons":[],"status":"passed","title":"returns the refresh token when it exists"},{"ancestorTitles":["session utils","isAuthenticated"],"duration":0,"failureDetails":[],"failureMessages":[],"fullName":"session utils isAuthenticated returns false when no access token","invocations":1,"location":null,"numPassingAsserts":1,"retryReasons":[],"status":"passed","title":"returns false when no access token"},{"ancestorTitles":["session utils","isAuthenticated"],"duration":1,"failureDetails":[],"failureMessages":[],"fullName":"session utils isAuthenticated returns true when access token exists","invocations":1,"location":null,"numPassingAsserts":1,"retryReasons":[],"status":"passed","title":"returns true when access token exists"},{"ancestorTitles":["session utils","clearSession"],"duration":1,"failureDetails":[],"failureMessages":[],"fullName":"session utils clearSession removes both tokens from localStorage","invocations":1,"location":null,"numPassingAsserts":2,"retryReasons":[],"status":"passed","title":"removes both tokens from localStorage"},{"ancestorTitles":["session utils","requireAuth"],"duration":11,"failureDetails":[],"failureMessages":[],"fullName":"session utils requireAuth throws when no token exists","invocations":1,"location":null,"numPassingAsserts":1,"retryReasons":[],"status":"passed","title":"throws when no token exists"},{"ancestorTitles":["session utils","requireAuth"],"duration":1,"failureDetails":[],"failureMessages":[],"fullName":"session utils requireAuth returns the token when authenticated","invocations":1,"location":null,"numPassingAsserts":1,"retryReasons":[],"status":"passed","title":"returns the token when authenticated"}],"endTime":1786419773415,"message":"","name":"C:\\InVet\\frontend\\src\\shared\\auth\\session.test.ts","startTime":1786419773319,"status":"passed","summary":""},{"assertionResults":[{"ancestorTitles":["API Public Client","fetchPublicClinics"],"duration":2,"failureDetails":[],"failureMessages":[],"fullName":"API Public Client fetchPublicClinics deberia listar clinicas con paginacion","invocations":1,"location":null,"numPassingAsserts":3,"retryReasons":[],"status":"passed","title":"deberia listar clinicas con paginacion"},{"ancestorTitles":["API Public Client","fetchPublicClinics"],"duration":1,"failureDetails":[],"failureMessages":[],"fullName":"API Public Client fetchPublicClinics deberia incluir search en los query params","invocations":1,"location":null,"numPassingAsserts":1,"retryReasons":[],"status":"passed","title":"deberia incluir search en los query params"},{"ancestorTitles":["API Public Client","fetchPublicClinics"],"duration":1,"failureDetails":[],"failureMessages":[],"fullName":"API Public Client fetchPublicClinics deberia lanzar error en response no ok","invocations":1,"location":null,"numPassingAsserts":1,"retryReasons":[],"status":"passed","title":"deberia lanzar error en response no ok"},{"ancestorTitles":["API Public Client","fetchPublicClinicDetail"],"duration":1,"failureDetails":[],"failureMessages":[],"fullName":"API Public Client fetchPublicClinicDetail deberia obtener detalle de clinica","invocations":1,"location":null,"numPassingAsserts":2,"retryReasons":[],"status":"passed","title":"deberia obtener detalle de clinica"},{"ancestorTitles":["API Public Client","fetchPublicClinicDetail"],"duration":0,"failureDetails":[],"failureMessages":[],"fullName":"API Public Client fetchPublicClinicDetail deberia lanzar 404 cuando no existe","invocations":1,"location":null,"numPassingAsserts":1,"retryReasons":[],"status":"passed","title":"deberia lanzar 404 cuando no existe"},{"ancestorTitles":["API Public Client","fetchPublicBranches"],"duration":1,"failureDetails":[],"failureMessages":[],"fullName":"API Public Client fetchPublicBranches deberia listar sucursales con filtro clinica_id","invocations":1,"location":null,"numPassingAsserts":1,"retryReasons":[],"status":"passed","title":"deberia listar sucursales con filtro clinica_id"},{"ancestorTitles":["API Public Client","fetchPublicServices"],"duration":1,"failureDetails":[],"failureMessages":[],"fullName":"API Public Client fetchPublicServices deberia listar servicios con filtro sucursal_id","invocations":1,"location":null,"numPassingAsserts":1,"retryReasons":[],"status":"passed","title":"deberia listar servicios con filtro sucursal_id"}],"endTime":1786419773520,"message":"","name":"C:\\InVet\\frontend\\src\\shared\\api\\public.test.ts","startTime":1786419773441,"status":"passed","summary":""}],"wasInterrupted":false}
