<?xml version="1.0" encoding="utf-8"?><testsuites><testsuite name="pytest" errors="0" failures="0" skipped="0" tests="14" time="3.400" timestamp="2026-08-04T21:08:18.162050" hostname="DESKTOP-4GVL3K4"><testcase classname="app.tests.test_main" name="test_root_endpoint" time="0.013" /><testcase classname="app.tests.test_main" name="test_health_check" time="0.004" /><testcase classname="app.tests.test_main" name="test_api_v1_root" time="0.003" /><testcase classname="app.tests.test_main" name="test_project_name_config" time="0.001" /><testcase classname="app.tests.test_database" name="test_user_model_creation" time="0.025" /><testcase classname="app.tests.test_database" name="test_clinic_model_creation" time="0.005" /><testcase classname="app.tests.api.test_auth_api" name="test_register_auth_user_returns_tokens_and_hashes_password" time="0.539" /><testcase classname="app.tests.api.test_auth_api" name="test_register_rejects_duplicate_email" time="0.267" /><testcase classname="app.tests.api.test_auth_api" name="test_login_returns_tokens_for_valid_credentials" time="0.515" /><testcase classname="app.tests.api.test_auth_api" name="test_login_rejects_invalid_password" time="0.499" /><testcase classname="app.tests.api.test_auth_api" name="test_me_requires_authorization" time="0.014" /><testcase classname="app.tests.api.test_auth_api" name="test_me_returns_authenticated_profile" time="0.338" /><testcase classname="app.tests.api.test_auth_api" name="test_refresh_returns_new_tokens_for_valid_refresh_token" time="0.258" /><testcase classname="app.tests.api.test_auth_api" name="test_refresh_rejects_access_token" time="0.260" /></testsuite></testsuites>