<?xml version="1.0" encoding="utf-8"?><testsuites><testsuite name="pytest" errors="0" failures="0" skipped="0" tests="4" time="0.867" timestamp="2026-08-04T21:08:12.361494" hostname="DESKTOP-4GVL3K4"><testcase classname="app.tests.test_main" name="test_root_endpoint" time="0.017" /><testcase classname="app.tests.test_main" name="test_health_check" time="0.006" /><testcase classname="app.tests.test_main" name="test_api_v1_root" time="0.005" /><testcase classname="app.tests.test_main" name="test_project_name_config" time="0.001" /></testsuite></testsuites>