<?xml version="1.0" encoding="utf-8"?><testsuites><testsuite name="pytest" errors="0" failures="0" skipped="0" tests="8" time="3.662" timestamp="2026-08-04T21:08:16.274149" hostname="DESKTOP-4GVL3K4"><testcase classname="app.tests.api.test_auth_api" name="test_register_auth_user_returns_tokens_and_hashes_password" time="0.582" /><testcase classname="app.tests.api.test_auth_api" name="test_register_rejects_duplicate_email" time="0.269" /><testcase classname="app.tests.api.test_auth_api" name="test_login_returns_tokens_for_valid_credentials" time="0.520" /><testcase classname="app.tests.api.test_auth_api" name="test_login_rejects_invalid_password" time="0.511" /><testcase classname="app.tests.api.test_auth_api" name="test_me_requires_authorization" time="0.013" /><testcase classname="app.tests.api.test_auth_api" name="test_me_returns_authenticated_profile" time="0.262" /><testcase classname="app.tests.api.test_auth_api" name="test_refresh_returns_new_tokens_for_valid_refresh_token" time="0.280" /><testcase classname="app.tests.api.test_auth_api" name="test_refresh_rejects_access_token" time="0.270" /></testsuite></testsuites>