<?xml version="1.0" encoding="utf-8"?><testsuites><testsuite name="pytest" errors="0" failures="0" skipped="0" tests="7" time="0.059" timestamp="2026-09-07T15:39:39.789653" hostname="DESKTOP-4GVL3K4"><testcase classname="app.tests.usecases.test_reports_pets_count.TestReportPetsCountStructure" name="test_empty_count" time="0.003" /><testcase classname="app.tests.usecases.test_reports_pets_count.TestReportPetsCountStructure" name="test_count_propagates_to_dto" time="0.002" /><testcase classname="app.tests.usecases.test_reports_pets_count.TestReportPetsCountClinicIsolation" name="test_filter_always_applied_by_clinic" time="0.002" /><testcase classname="app.tests.usecases.test_reports_pets_count.TestReportPetsCountClinicIsolation" name="test_two_clinics_have_independent_counts" time="0.002" /><testcase classname="app.tests.usecases.test_reports_pets_count.TestReportPetsCountPeriodFilter" name="test_period_does_not_change_shape" time="0.002" /><testcase classname="app.tests.usecases.test_reports_pets_count.TestReportPetsCountPeriodFilter" name="test_period_start_only" time="0.001" /><testcase classname="app.tests.usecases.test_reports_pets_count.TestReportPetsCountNoPersistence" name="test_no_write_side_effects" time="0.003" /></testsuite></testsuites>