<?xml version="1.0" encoding="utf-8"?><testsuites><testsuite name="pytest" errors="0" failures="0" skipped="0" tests="120" time="8.236" timestamp="2026-07-30T12:43:21.239727" hostname="DESKTOP-4GVL3K4"><testcase classname="app.tests.test_clinic_api" name="test_get_branch_profile" time="0.065" /><testcase classname="app.tests.test_clinic_api" name="test_get_branch_profile_with_permissions_requires_auth" time="0.031" /><testcase classname="app.tests.test_clinic_api" name="test_list_clinics_requires_auth" time="0.006" /><testcase classname="app.tests.test_clinic_api" name="test_list_clinics_returns_paginated_payload" time="0.008" /><testcase classname="app.tests.test_clinic_api" name="test_list_clinics_accepts_jwt_bearer_token" time="0.013" /><testcase classname="app.tests.test_clinic_api" name="test_create_clinic_returns_created_clinic" time="0.010" /><testcase classname="app.tests.test_clinic_api" name="test_get_missing_clinic_returns_404" time="0.031" /><testcase classname="app.tests.test_clinic_api" name="test_list_branches_returns_paginated_payload" time="0.027" /><testcase classname="app.tests.test_clinic_api" name="test_branch_hours_crud_contract" time="0.014" /><testcase classname="app.tests.test_clinic_api" name="test_branch_entities" time="0.001" /><testcase classname="app.tests.test_clinic_api" name="test_service_entity" time="0.001" /><testcase classname="app.tests.test_clinic_api" name="test_schedule_entity" time="0.001" /><testcase classname="app.tests.test_clinic_api" name="test_rating_entity" time="0.001" /><testcase classname="app.tests.test_clinic_use_cases" name="test_get_branch_profile_use_case" time="0.011" /><testcase classname="app.tests.test_clinic_use_cases" name="test_get_branch_profile_use_case_with_not_found" time="0.008" /><testcase classname="app.tests.test_clinic_use_cases" name="test_update_clinic_denies_inaccessible_user" time="0.005" /><testcase classname="app.tests.test_clinic_use_cases" name="test_create_branch_hour_requires_open_close_when_not_closed" time="0.005" /><testcase classname="app.tests.test_database" name="test_user_model_creation" time="0.051" /><testcase classname="app.tests.test_database" name="test_clinic_model_creation" time="0.007" /><testcase classname="app.tests.test_frontend_command_contracts" name="test_fe001_task_primary_and_payload_are_in_sync" time="0.008" /><testcase classname="app.tests.test_frontend_command_contracts" name="test_be001_plan_primary_and_payload_are_in_sync" time="0.001" /><testcase classname="app.tests.test_frontend_command_contracts" name="test_implement_frontend_task_bootstraps_fe001_workspace" time="0.001" /><testcase classname="app.tests.test_frontend_command_contracts" name="test_fe001_and_plan_require_executable_frontend" time="0.001" /><testcase classname="app.tests.test_implement_findings_contracts" name="test_implement_findings_primary_and_payload_commands_are_in_sync" time="0.001" /><testcase classname="app.tests.test_implement_findings_contracts" name="test_implement_findings_primary_and_payload_agents_are_in_sync" time="0.001" /><testcase classname="app.tests.test_implement_findings_contracts" name="test_implement_findings_accepts_fe_input" time="0.001" /><testcase classname="app.tests.test_main" name="test_root_endpoint" time="0.010" /><testcase classname="app.tests.test_main" name="test_health_check" time="0.005" /><testcase classname="app.tests.test_main" name="test_api_v1_root" time="0.005" /><testcase classname="app.tests.test_main" name="test_project_name_config" time="0.001" /><testcase classname="app.tests.test_plan_task_contracts" name="test_plan_task_primary_and_payload_are_in_sync" time="0.001" /><testcase classname="app.tests.test_plan_task_contracts" name="test_plan_task_rejects_fe_and_qa_arguments" time="0.001" /><testcase classname="app.tests.test_plan_task_contracts" name="test_plan_task_never_implements_code" time="0.007" /><testcase classname="app.tests.test_qa_agent_contracts" name="test_primary_and_payload_qa_agent_are_in_sync" time="0.001" /><testcase classname="app.tests.test_qa_agent_contracts" name="test_primary_and_payload_qa_command_are_in_sync" time="0.010" /><testcase classname="app.tests.test_qa_agent_contracts" name="test_primary_and_payload_qa_templates_are_in_sync" time="0.002" /><testcase classname="app.tests.test_qa_agent_contracts" name="test_qa_agent_frontmatter_allows_known_safe_validation_commands" time="0.001" /><testcase classname="app.tests.test_qa_agent_contracts" name="test_qa_agent_body_includes_required_states_and_gates" time="0.001" /><testcase classname="app.tests.test_qa_agent_contracts" name="test_qa_command_invalidates_stale_frontend_not_applicable_results" time="0.001" /><testcase classname="app.tests.test_qa_agent_contracts" name="test_qa_findings_template_has_required_fields" time="0.001" /><testcase classname="app.tests.test_qa_agent_contracts" name="test_qa_results_template_has_required_sections" time="0.001" /><testcase classname="app.tests.test_qa_validation" name="test_pass_requires_reproducible_evidence" time="0.001" /><testcase classname="app.tests.test_qa_validation" name="test_blocked_and_not_applicable_require_justification[BLOCKED]" time="0.001" /><testcase classname="app.tests.test_qa_validation" name="test_blocked_and_not_applicable_require_justification[NOT_APPLICABLE]" time="0.001" /><testcase classname="app.tests.test_qa_validation" name="test_final_decision_is_approved_when_evidence_and_suites_are_clean" time="0.001" /><testcase classname="app.tests.test_qa_validation" name="test_final_decision_is_rejected_when_any_criterion_fails" time="0.001" /><testcase classname="app.tests.test_qa_validation" name="test_high_severity_defects_prevent_approval[blocker]" time="0.001" /><testcase classname="app.tests.test_qa_validation" name="test_high_severity_defects_prevent_approval[critical]" time="0.003" /><testcase classname="app.tests.test_qa_validation" name="test_missing_unit_tests_prevent_approval" time="0.001" /><testcase classname="app.tests.test_qa_validation" name="test_zero_tests_discovered_blocks_the_decision" time="0.001" /><testcase classname="app.tests.test_qa_validation" name="test_failing_tests_are_detected" time="0.001" /><testcase classname="app.tests.test_qa_validation" name="test_collection_and_setup_errors_are_reported" time="0.001" /><testcase classname="app.tests.test_qa_validation" name="test_skips_and_xfails_are_counted_and_block_critical_suite" time="0.001" /><testcase classname="app.tests.test_qa_validation" name="test_regression_classification_distinguishes_preexisting_and_new" time="0.001" /><testcase classname="app.tests.test_qa_validation" name="test_stale_and_inconsistent_reports_are_blocking" time="0.001" /><testcase classname="app.tests.test_qa_validation" name="test_junit_parser_rejects_empty_reports" time="0.018" /><testcase classname="app.tests.test_qa_validation" name="test_only_passed_qa_tasks_with_evidence_can_be_completed" time="0.001" /><testcase classname="app.tests.test_qa_validation" name="test_impact_analysis_targets_qa_agent_changes" time="0.001" /><testcase classname="app.tests.test_qa_validation" name="test_impact_analysis_requires_full_regression_for_shared_backend_files" time="0.001" /><testcase classname="app.tests.test_qa_validation" name="test_unit_test_coverage_detects_missing_backend_tests" time="0.001" /><testcase classname="app.tests.test_qa_validation" name="test_unit_test_coverage_detects_missing_frontend_tests" time="0.001" /><testcase classname="app.tests.test_qa_validation" name="test_unit_test_coverage_accepts_matching_test_files_and_ignores_tests" time="0.002" /><testcase classname="app.tests.test_review_slice_contracts" name="test_review_slice_primary_and_payload_commands_are_in_sync" time="0.001" /><testcase classname="app.tests.test_review_slice_contracts" name="test_review_slice_primary_and_payload_agents_are_in_sync" time="0.001" /><testcase classname="app.tests.test_review_slice_contracts" name="test_review_slice_accepts_fe_input_without_silent_remap" time="0.001" /><testcase classname="app.tests.test_security" name="test_password_hash_round_trip" time="0.964" /><testcase classname="app.tests.test_security" name="test_create_and_verify_access_token_round_trip" time="0.001" /><testcase classname="app.tests.test_security" name="test_verify_token_rejects_invalid_token" time="0.001" /><testcase classname="app.tests.test_security" name="test_get_current_user_accepts_jwt_token" time="0.001" /><testcase classname="app.tests.test_security" name="test_get_current_user_rejects_token_without_subject" time="0.001" /><testcase classname="app.tests.test_security" name="test_clinic_router_user_extractor_accepts_legacy_numeric_bearer" time="0.001" /><testcase classname="app.tests.test_setup" name="test_root_endpoint" time="0.023" /><testcase classname="app.tests.test_setup" name="test_app_creation" time="0.001" /><testcase classname="app.tests.test_setup" name="test_api_v1_str" time="0.001" /><testcase classname="app.tests.test_setup" name="test_database_config" time="0.001" /><testcase classname="app.tests.test_setup" name="test_qa_env_file_is_supported" time="0.000" /><testcase classname="app.tests.api.test_internal_user_api" name="test_create_internal_user" time="0.333" /><testcase classname="app.tests.api.test_internal_user_api" name="test_get_internal_user" time="0.296" /><testcase classname="app.tests.api.test_internal_user_api" name="test_get_internal_users_by_branch" time="0.009" /><testcase classname="app.tests.api.test_internal_user_api" name="test_update_internal_user" time="0.607" /><testcase classname="app.tests.api.test_internal_user_api" name="test_delete_internal_user" time="0.303" /><testcase classname="app.tests.api.test_service_api" name="test_create_service" time="0.072" /><testcase classname="app.tests.api.test_service_api" name="test_get_service" time="0.053" /><testcase classname="app.tests.api.test_service_api" name="test_get_services_by_branch" time="0.011" /><testcase classname="app.tests.api.test_service_api" name="test_update_service" time="0.031" /><testcase classname="app.tests.api.test_service_api" name="test_delete_service" time="0.026" /><testcase classname="app.tests.api.test_veterinarian_api" name="test_create_veterinarian" time="0.016" /><testcase classname="app.tests.api.test_veterinarian_api" name="test_get_veterinarian" time="0.048" /><testcase classname="app.tests.api.test_veterinarian_api" name="test_get_veterinarians_by_branch" time="0.096" /><testcase classname="app.tests.api.test_veterinarian_api" name="test_update_veterinarian" time="0.043" /><testcase classname="app.tests.api.test_veterinarian_api" name="test_delete_veterinarian" time="0.028" /><testcase classname="app.tests.integration.test_appointment_crud" name="test_create_appointment_success" time="0.038" /><testcase classname="app.tests.integration.test_appointment_crud" name="test_create_appointment_invalid_slot" time="0.056" /><testcase classname="app.tests.integration.test_appointment_crud" name="test_get_appointment" time="0.045" /><testcase classname="app.tests.integration.test_appointment_crud" name="test_cancel_appointment" time="0.095" /><testcase classname="app.tests.integration.test_appointment_crud" name="test_confirm_appointment" time="0.042" /><testcase classname="app.tests.integration.test_appointment_crud" name="test_reschedule_appointment" time="0.066" /><testcase classname="app.tests.integration.test_appointment_crud" name="test_mark_no_show" time="0.119" /><testcase classname="app.tests.integration.test_appointment_crud" name="test_complete_appointment" time="0.128" /><testcase classname="app.tests.integration.test_appointment_crud" name="test_get_user_appointments" time="0.073" /><testcase classname="app.tests.integration.test_appointment_crud" name="test_get_available_slots" time="0.057" /><testcase classname="app.tests.integration.test_internal_user_crud" name="test_create_internal_user" time="0.270" /><testcase classname="app.tests.integration.test_internal_user_crud" name="test_get_internal_user" time="0.270" /><testcase classname="app.tests.integration.test_internal_user_crud" name="test_update_internal_user" time="0.511" /><testcase classname="app.tests.integration.test_internal_user_crud" name="test_delete_internal_user" time="0.249" /><testcase classname="app.tests.integration.test_internal_user_crud" name="test_get_internal_users_by_branch" time="0.474" /><testcase classname="app.tests.integration.test_owner_pet_crud" name="test_get_owners_returns_pagination" time="0.055" /><testcase classname="app.tests.integration.test_owner_pet_crud" name="test_delete_owner_with_pets_conflict" time="0.043" /><testcase classname="app.tests.integration.test_owner_pet_crud" name="test_get_pets_filters_by_owner_and_breed" time="0.065" /><testcase classname="app.tests.integration.test_owner_pet_crud" name="test_delete_pet_with_medical_history_conflict" time="0.039" /><testcase classname="app.tests.integration.test_service_crud" name="test_create_service" time="0.009" /><testcase classname="app.tests.integration.test_service_crud" name="test_get_service" time="0.012" /><testcase classname="app.tests.integration.test_service_crud" name="test_update_service" time="0.014" /><testcase classname="app.tests.integration.test_service_crud" name="test_delete_service" time="0.012" /><testcase classname="app.tests.integration.test_service_crud" name="test_get_services_by_branch" time="0.010" /><testcase classname="app.tests.integration.test_veterinarian_crud" name="test_create_veterinarian" time="0.010" /><testcase classname="app.tests.integration.test_veterinarian_crud" name="test_get_veterinarian" time="0.012" /><testcase classname="app.tests.integration.test_veterinarian_crud" name="test_update_veterinarian" time="0.011" /><testcase classname="app.tests.integration.test_veterinarian_crud" name="test_delete_veterinarian" time="0.015" /><testcase classname="app.tests.integration.test_veterinarian_crud" name="test_get_veterinarians_by_branch" time="0.016" /></testsuite></testsuites>